<?xml version="1.0" encoding="UTF-8"?>
<testsuite name="com.aor.numbers.ListSorterTest" tests="1" skipped="0" failures="0" errors="0" timestamp="2023-10-13T11:17:58" hostname="anteroy520" time="0.018">
  <properties/>
  <testcase name="sort()" classname="com.aor.numbers.ListSorterTest" time="0.018"/>
  <system-out><![CDATA[]]></system-out>
  <system-err><![CDATA[]]></system-err>
</testsuite>
